<?xml version="1.0" encoding="UTF-8"?>
<!-- Generated by org.testng.reporters.JUnitReportReporter -->
<testsuite hostname="Anders" name="Test10ChangeVersion" tests="1" failures="0" timestamp="20 Aug 2015 13:02:40 GMT" time="247.631" errors="0">
  <testcase name="changeVersion" time="247.631" classname="Test10ChangeVersion"/>
</testsuite> <!-- Test10ChangeVersion -->
