<?xml version="1.0" encoding="UTF-8"?>
<!-- Generated by org.testng.reporters.JUnitReportReporter -->
<testsuite hostname="Anders" name="Test9AddVersionOfItem" tests="1" failures="0" timestamp="20 Aug 2015 13:02:40 GMT" time="218.117" errors="0">
  <testcase name="addVersionOfItem" time="218.117" classname="Test9AddVersionOfItem"/>
</testsuite> <!-- Test9AddVersionOfItem -->
