<?xml version="1.0" encoding="UTF-8"?>
<!-- Generated by org.testng.reporters.JUnitReportReporter -->
<testsuite hostname="Anders" name="Test15ImportDirectory" tests="1" failures="0" timestamp="20 Aug 2015 13:02:40 GMT" time="148.709" errors="0">
  <testcase name="importDirectory" time="148.709" classname="Test15ImportDirectory"/>
</testsuite> <!-- Test15ImportDirectory -->
