<?xml version="1.0" encoding="UTF-8"?>
<!-- Generated by org.testng.reporters.JUnitReportReporter -->
<testsuite hostname="Anders" name="Test16ValidationFields" tests="1" failures="0" timestamp="20 Aug 2015 13:02:40 GMT" time="123.669" errors="0">
  <testcase name="createDirectory" time="123.669" classname="Test16ValidationFields"/>
</testsuite> <!-- Test16ValidationFields -->
