<?xml version="1.0" encoding="UTF-8"?>
<!-- Generated by org.testng.reporters.JUnitReportReporter -->
<testsuite hostname="Anders" name="Test11DeleteItem" tests="1" failures="0" timestamp="20 Aug 2015 13:02:40 GMT" time="194.260" errors="0">
  <testcase name="deleteItemInDirectory" time="194.260" classname="Test11DeleteItem"/>
</testsuite> <!-- Test11DeleteItem -->
