<?xml version="1.0" encoding="UTF-8"?>
<!-- Generated by org.testng.reporters.JUnitReportReporter -->
<testsuite hostname="Anders" name="Test5EditDirectory" tests="1" failures="0" timestamp="20 Aug 2015 13:02:40 GMT" time="174.025" errors="0">
  <testcase name="editDirectory" time="174.025" classname="Test5EditDirectory"/>
</testsuite> <!-- Test5EditDirectory -->
