<?xml version="1.0" encoding="UTF-8"?>
<!-- Generated by org.testng.reporters.JUnitReportReporter -->
<testsuite hostname="Anders" name="Test7NewItemInDirectory" tests="1" failures="0" timestamp="20 Aug 2015 13:02:40 GMT" time="166.832" errors="0">
  <testcase name="addNewItemInDirectory" time="166.832" classname="Test7NewItemInDirectory"/>
</testsuite> <!-- Test7NewItemInDirectory -->
