<?xml version="1.0" encoding="UTF-8"?>
<!-- Generated by org.testng.reporters.JUnitReportReporter -->
<testsuite hostname="Anders" name="Test12Search" tests="1" failures="0" timestamp="20 Aug 2015 13:02:40 GMT" time="14.110" errors="0">
  <testcase name="search" time="14.110" classname="Test12Search"/>
</testsuite> <!-- Test12Search -->
