<?xml version="1.0" encoding="UTF-8"?>
<!-- Generated by org.testng.reporters.JUnitReportReporter -->
<testsuite hostname="Anders" name="Test4CreationDirectory" tests="1" failures="0" timestamp="20 Aug 2015 13:02:40 GMT" time="115.094" errors="0">
  <testcase name="createDirectory" time="115.094" classname="Test4CreationDirectory"/>
</testsuite> <!-- Test4CreationDirectory -->
