<?xml version="1.0" encoding="UTF-8"?>
<!-- Generated by org.testng.reporters.JUnitReportReporter -->
<testsuite hostname="Anders" name="Test2EditGroup" tests="1" failures="0" timestamp="20 Aug 2015 13:02:40 GMT" time="122.224" errors="0">
  <testcase name="editGroup" time="122.224" classname="Test2EditGroup"/>
</testsuite> <!-- Test2EditGroup -->
