<?xml version="1.0" encoding="UTF-8"?>
<!-- Generated by org.testng.reporters.JUnitReportReporter -->
<testsuite hostname="Anders" name="Test8CountOfDisplayedItemsOnPage" tests="1" failures="0" timestamp="20 Aug 2015 13:02:40 GMT" time="222.147" errors="0">
  <testcase name="countOfDisplayedItems" time="222.147" classname="Test8CountOfDisplayedItemsOnPage"/>
</testsuite> <!-- Test8CountOfDisplayedItemsOnPage -->
