<?xml version="1.0" encoding="UTF-8"?>
<!-- Generated by org.testng.reporters.JUnitReportReporter -->
<testsuite hostname="Anders" name="Test14EditComplexDirectory" tests="1" failures="0" timestamp="20 Aug 2015 13:02:40 GMT" time="282.116" errors="0">
  <testcase name="editComplexDirectory" time="282.116" classname="Test14EditComplexDirectory"/>
</testsuite> <!-- Test14EditComplexDirectory -->
