<?xml version="1.0" encoding="UTF-8"?>
<!-- Generated by org.testng.reporters.JUnitReportReporter -->
<testsuite hostname="Anders" name="Test13CreateComplexDirectory" tests="1" failures="0" timestamp="20 Aug 2015 13:02:40 GMT" time="127.085" errors="0">
  <testcase name="createComplexDirectory" time="127.085" classname="Test13CreateComplexDirectory"/>
</testsuite> <!-- Test13CreateComplexDirectory -->
